Using pre-set license
Built from '2020.3/staging' branch; Version is '2020.3.14f1 (d0d1bb862f9d) revision 13685179'; Using compiler version '192528614'; Build Type 'Release'
OS: 'Windows 10 Education; OS build 19042.1526; Version 2009; 64bit' Language: 'en' Physical Memory: 16180 MB
BatchMode: 1, IsHumanControllingUs: 0, StartBugReporterOnCrash: 0, Is64bit: 1, IsPro: 0

 COMMAND LINE ARGUMENTS:
C:\Program Files\Unity\Editor\Unity.exe
-adb2
-batchMode
-noUpm
-name
AssetImportWorker0
-projectPath
C:/Users/w0206469/Desktop/AnimFund_2D_Topdown_Movement_Student-master
-logFile
Logs/AssetImportWorker0.log
-srvPort
56586
Successfully changed project path to: C:/Users/w0206469/Desktop/AnimFund_2D_Topdown_Movement_Student-master
C:/Users/w0206469/Desktop/AnimFund_2D_Topdown_Movement_Student-master
Using Asset Import Pipeline V2.
Refreshing native plugins compatible for Editor in 28.45 ms, found 2 plugins.
Preloading 0 native plugins for Editor in 0.00 ms.
Initialize engine version: 2020.3.14f1 (d0d1bb862f9d)
[Subsystems] Discovering subsystems at path C:/Program Files/Unity/Editor/Data/Resources/UnitySubsystems
[Subsystems] Discovering subsystems at path C:/Users/w0206469/Desktop/AnimFund_2D_Topdown_Movement_Student-master/Assets
GfxDevice: creating device client; threaded=0
Direct3D:
    Version:  Direct3D 11.0 [level 11.0]
    Renderer: NVIDIA Quadro K2200 (ID=0x13ba)
    Vendor:   
    VRAM:     4053 MB
    Driver:   27.21.14.6192
Initialize mono
Mono path[0] = 'C:/Program Files/Unity/Editor/Data/Managed'
Mono path[1] = 'C:/Program Files/Unity/Editor/Data/MonoBleedingEdge/lib/mono/unityjit'
Mono config path = 'C:/Program Files/Unity/Editor/Data/MonoBleedingEdge/etc'
Using monoOptions --debugger-agent=transport=dt_socket,embedding=1,server=y,suspend=n,address=127.0.0.1:56032
Begin MonoManager ReloadAssembly
Registering precompiled unity dll's ...
Register platform support module: C:/Program Files/Unity/Editor/Data/PlaybackEngines/WindowsStandaloneSupport/UnityEditor.WindowsStandalone.Extensions.dll
Registered in 0.002154 seconds.
Native extension for WindowsStandalone target not found
Refreshing native plugins compatible for Editor in 28.72 ms, found 2 plugins.
Preloading 0 native plugins for Editor in 0.00 ms.
Mono: successfully reloaded assembly
- Completed reload, in  1.052 seconds
Domain Reload Profiling:
	ReloadAssembly (1053ms)
		BeginReloadAssembly (54ms)
			ExecutionOrderSort (0ms)
			DisableScriptedObjects (0ms)
			BackupInstance (0ms)
			ReleaseScriptingObjects (0ms)
			CreateAndSetChildDomain (1ms)
		EndReloadAssembly (414ms)
			LoadAssemblies (52ms)
			RebuildTransferFunctionScriptingTraits (0ms)
			SetupTypeCache (166ms)
			ReleaseScriptCaches (0ms)
			RebuildScriptCaches (30ms)
			SetupLoadedEditorAssemblies (149ms)
				LogAssemblyErrors (0ms)
				InitializePlatformSupportModulesInManaged (4ms)
				SetLoadedEditorAssemblies (0ms)
				RefreshPlugins (29ms)
				BeforeProcessingInitializeOnLoad (14ms)
				ProcessInitializeOnLoadAttributes (75ms)
				ProcessInitializeOnLoadMethodAttributes (26ms)
				AfterProcessingInitializeOnLoad (0ms)
				EditorAssembliesLoaded (0ms)
			ExecutionOrderSort2 (0ms)
			AwakeInstancesAfterBackupRestoration (0ms)
Platform modules already initialized, skipping
Registering precompiled user dll's ...
Registered in 0.004192 seconds.
Begin MonoManager ReloadAssembly
Native extension for WindowsStandalone target not found
Refreshing native plugins compatible for Editor in 0.32 ms, found 2 plugins.
Preloading 0 native plugins for Editor in 0.00 ms.
Mono: successfully reloaded assembly
- Completed reload, in  1.004 seconds
Domain Reload Profiling:
	ReloadAssembly (1005ms)
		BeginReloadAssembly (147ms)
			ExecutionOrderSort (0ms)
			DisableScriptedObjects (4ms)
			BackupInstance (0ms)
			ReleaseScriptingObjects (0ms)
			CreateAndSetChildDomain (18ms)
		EndReloadAssembly (791ms)
			LoadAssemblies (90ms)
			RebuildTransferFunctionScriptingTraits (0ms)
			SetupTypeCache (281ms)
			ReleaseScriptCaches (0ms)
			RebuildScriptCaches (40ms)
			SetupLoadedEditorAssemblies (289ms)
				LogAssemblyErrors (0ms)
				InitializePlatformSupportModulesInManaged (5ms)
				SetLoadedEditorAssemblies (1ms)
				RefreshPlugins (0ms)
				BeforeProcessingInitializeOnLoad (75ms)
				ProcessInitializeOnLoadAttributes (191ms)
				ProcessInitializeOnLoadMethodAttributes (11ms)
				AfterProcessingInitializeOnLoad (6ms)
				EditorAssembliesLoaded (0ms)
			ExecutionOrderSort2 (0ms)
			AwakeInstancesAfterBackupRestoration (6ms)
Platform modules already initialized, skipping
========================================================================
Worker process is ready to serve import requests
Launched and connected shader compiler UnityShaderCompiler.exe after 0.05 seconds
Refreshing native plugins compatible for Editor in 0.36 ms, found 2 plugins.
Preloading 0 native plugins for Editor in 0.00 ms.
Unloading 1467 Unused Serialized files (Serialized files now loaded: 0)
System memory in use before: 66.9 MB.
System memory in use after: 67.0 MB.

Unloading 22 unused Assets to reduce memory usage. Loaded Objects now: 1902.
Total: 2.874200 ms (FindLiveObjects: 0.275800 ms CreateObjectMapping: 0.091300 ms MarkObjects: 2.422900 ms  DeleteObjects: 0.082300 ms)

AssetImportParameters requested are different than current active one (requested -> active):
  custom:framework-win-MediaFoundation: 216162199b28c13a410421893ffa2e32 -> 
  custom:video-decoder-ogg-theora: a1e56fd34408186e4bbccfd4996cb3dc -> 
  custom:container-muxer-webm: aa71ff27fc2769a1b78a27578f13a17b -> 
  custom:container-demuxer-webm: 4f35f7cbe854078d1ac9338744f61a02 -> 
  custom:container-demuxer-ogg: 62fdf1f143b41e24485cea50d1cbac27 -> 
  custom:video-encoder-webm-vp8: eb34c28f22e8b96e1ab97ce403110664 -> 
  custom:video-decoder-webm-vp8: 9c59270c3fd7afecdb556c50c9e8de78 -> 
  custom:audio-decoder-ogg-vorbis: bf7c407c2cedff20999df2af8eb42d56 -> 
  custom:audio-encoder-webm-vorbis: bf7c407c2cedff20999df2af8eb42d56 -> 
========================================================================
Received Import Request.
  path: Assets
  artifactKey: Guid(00000000000000001000000000000000) Importer(815301076,1909f56bfc062723c751e8b465ee728b)
Start importing Assets using Guid(00000000000000001000000000000000) Importer(815301076,1909f56bfc062723c751e8b465ee728b)  -> (artifact id: '42d402b061de3733987d63b9cc3b64de') in 0.009481 seconds 
  Import took 0.012091 seconds .

========================================================================
Received Import Request.
  Time since last request: 5.225001 seconds.
  path: Assets/Sprites/Tiny RPG Forest
  artifactKey: Guid(6ac6b6200112eb842abd28a77ec8a6c2) Importer(815301076,1909f56bfc062723c751e8b465ee728b)
Start importing Assets/Sprites/Tiny RPG Forest using Guid(6ac6b6200112eb842abd28a77ec8a6c2) Importer(815301076,1909f56bfc062723c751e8b465ee728b)  -> (artifact id: '4e003e51a54c806fadbadf0b3b978e77') in 0.006710 seconds 
  Import took 0.009332 seconds .

========================================================================
Received Import Request.
  Time since last request: 1.188498 seconds.
  path: Assets/Credits_References.cs
  artifactKey: Guid(4ce609e22afb3c74389d45cdafd13d76) Importer(815301076,1909f56bfc062723c751e8b465ee728b)
Start importing Assets/Credits_References.cs using Guid(4ce609e22afb3c74389d45cdafd13d76) Importer(815301076,1909f56bfc062723c751e8b465ee728b)  -> (artifact id: '2d8a6a4e1a8bff920cc108e5322661a0') in 0.054750 seconds 
  Import took 0.057840 seconds .

========================================================================
Received Import Request.
  Time since last request: 6.177058 seconds.
  path: Assets/Scenes
  artifactKey: Guid(3d0f17b9427f0c9458cd4113831e6e7e) Importer(815301076,1909f56bfc062723c751e8b465ee728b)
Start importing Assets/Scenes using Guid(3d0f17b9427f0c9458cd4113831e6e7e) Importer(815301076,1909f56bfc062723c751e8b465ee728b)  -> (artifact id: '2be84bdb0fba856fed9234bc4ee3098d') in 0.008172 seconds 
  Import took 0.010880 seconds .

========================================================================
Received Import Request.
  Time since last request: 0.575092 seconds.
  path: Assets/Scripts
  artifactKey: Guid(93464dc40af20f645852791962b39ba6) Importer(815301076,1909f56bfc062723c751e8b465ee728b)
Start importing Assets/Scripts using Guid(93464dc40af20f645852791962b39ba6) Importer(815301076,1909f56bfc062723c751e8b465ee728b)  -> (artifact id: '797c93246c4b0652559346f4e1190d65') in 0.006050 seconds 
  Import took 0.009077 seconds .

========================================================================
Received Import Request.
  Time since last request: 292.743751 seconds.
  path: Assets/Scripts/PlayerMovement_2D.cs
  artifactKey: Guid(5b0f2954e568cac4794cc7a42135e43a) Importer(815301076,1909f56bfc062723c751e8b465ee728b)
Start importing Assets/Scripts/PlayerMovement_2D.cs using Guid(5b0f2954e568cac4794cc7a42135e43a) Importer(815301076,1909f56bfc062723c751e8b465ee728b)  -> (artifact id: 'ad0505331fd92c2c708b241d4d2a0e97') in 0.007293 seconds 
  Import took 0.012327 seconds .

========================================================================
Received Import Request.
  Time since last request: 0.001743 seconds.
  path: Assets/Scripts/PlayerMovement_2D.cs
  artifactKey: Guid(5b0f2954e568cac4794cc7a42135e43a) Importer(815301076,1909f56bfc062723c751e8b465ee728b)
Start importing Assets/Scripts/PlayerMovement_2D.cs using Guid(5b0f2954e568cac4794cc7a42135e43a) Importer(815301076,1909f56bfc062723c751e8b465ee728b)  -> (artifact id: 'ad0505331fd92c2c708b241d4d2a0e97') in 0.003042 seconds 
  Import took 0.006397 seconds .

========================================================================
Received Import Request.
  Time since last request: 748.754800 seconds.
  path: Assets/Sprites/Tiny RPG Forest/New Sprite Atlas.spriteatlas
  artifactKey: Guid(97916076d7004e94cae03e891bdba117) Importer(815301076,1909f56bfc062723c751e8b465ee728b)
Start importing Assets/Sprites/Tiny RPG Forest/New Sprite Atlas.spriteatlas using Guid(97916076d7004e94cae03e891bdba117) Importer(815301076,1909f56bfc062723c751e8b465ee728b)  -> (artifact id: '025292d9eb5bc7e3daf51f48efc081c8') in 0.017100 seconds 
  Import took 0.019811 seconds .

========================================================================
Received Import Request.
  Time since last request: 2.850994 seconds.
  path: Assets/Sprites/Tiny RPG Forest/Environment
  artifactKey: Guid(100acaa2162c04f3c80ed7ec436e4f6a) Importer(815301076,1909f56bfc062723c751e8b465ee728b)
Start importing Assets/Sprites/Tiny RPG Forest/Environment using Guid(100acaa2162c04f3c80ed7ec436e4f6a) Importer(815301076,1909f56bfc062723c751e8b465ee728b)  -> (artifact id: 'c1a0e80dbe5503df8389757b072c9735') in 0.006315 seconds 
  Import took 0.008477 seconds .

========================================================================
Received Import Request.
  Time since last request: 302.526375 seconds.
  path: Packages/com.unity.2d.sprite
  artifactKey: Guid(0901a6b758d060e9422c4f8d588d5895) Importer(815301076,1909f56bfc062723c751e8b465ee728b)
Start importing Packages/com.unity.2d.sprite using Guid(0901a6b758d060e9422c4f8d588d5895) Importer(815301076,1909f56bfc062723c751e8b465ee728b)  -> (artifact id: '1ac9f0859ed1eccac4506b3b2480e9d0') in 0.007036 seconds 
  Import took 0.009777 seconds .

========================================================================
Received Import Request.
  Time since last request: 0.118981 seconds.
  path: Packages/com.unity.2d.sprite/package.json
  artifactKey: Guid(7dc5f1e5d04ac8549ac21802071e983b) Importer(815301076,1909f56bfc062723c751e8b465ee728b)
Start importing Packages/com.unity.2d.sprite/package.json using Guid(7dc5f1e5d04ac8549ac21802071e983b) Importer(815301076,1909f56bfc062723c751e8b465ee728b)  -> (artifact id: 'ff87128bdf6981a9843158b29f26b2df') in 0.020302 seconds 
  Import took 0.022548 seconds .

========================================================================
Received Import Request.
  Time since last request: 33.680669 seconds.
  path: Assets/Sprites/Tiny RPG Forest/Environment/TinyRPG_Modified V2.psd
  artifactKey: Guid(1dd98a59e8d748f4b9a8078efbeef817) Importer(815301076,1909f56bfc062723c751e8b465ee728b)
Start importing Assets/Sprites/Tiny RPG Forest/Environment/TinyRPG_Modified V2.psd using Guid(1dd98a59e8d748f4b9a8078efbeef817) Importer(815301076,1909f56bfc062723c751e8b465ee728b)  -> (artifact id: '89ee5368c5f52940b013cb6a965183e7') in 0.339436 seconds 
  Import took 0.342749 seconds .

========================================================================
Received Import Request.
  Time since last request: 0.001304 seconds.
  path: Assets/Sprites/Tiny RPG Forest/Environment/TinyRPG_Modified V2.psd
  artifactKey: Guid(1dd98a59e8d748f4b9a8078efbeef817) Importer(815301076,1909f56bfc062723c751e8b465ee728b)
Start importing Assets/Sprites/Tiny RPG Forest/Environment/TinyRPG_Modified V2.psd using Guid(1dd98a59e8d748f4b9a8078efbeef817) Importer(815301076,1909f56bfc062723c751e8b465ee728b)  -> (artifact id: '89ee5368c5f52940b013cb6a965183e7') in 0.282667 seconds 
  Import took 0.286019 seconds .

========================================================================
Received Import Request.
  Time since last request: 216.022738 seconds.
  path: Assets/Sprites/Player Sprites/Example Character Sheet.png
  artifactKey: Guid(1b7deab5944026f48b07600ab2346c09) Importer(815301076,1909f56bfc062723c751e8b465ee728b)
Start importing Assets/Sprites/Player Sprites/Example Character Sheet.png using Guid(1b7deab5944026f48b07600ab2346c09) Importer(815301076,1909f56bfc062723c751e8b465ee728b)  -> (artifact id: 'f498d60dcee1cec7d4fa5c981fa1fca0') in 0.021462 seconds 
  Import took 0.024046 seconds .

========================================================================
Received Import Request.
  Time since last request: 205.556586 seconds.
  path: Assets/Sprites/Player Sprites/Example Character Sheet.png
  artifactKey: Guid(1b7deab5944026f48b07600ab2346c09) Importer(815301076,1909f56bfc062723c751e8b465ee728b)
Start importing Assets/Sprites/Player Sprites/Example Character Sheet.png using Guid(1b7deab5944026f48b07600ab2346c09) Importer(815301076,1909f56bfc062723c751e8b465ee728b)  -> (artifact id: '11f5dc2fdd5c05aedf1ee353759b897d') in 0.014702 seconds 
  Import took 0.018673 seconds .

========================================================================
Received Import Request.
  Time since last request: 89.524544 seconds.
  path: Assets/Sprites/Player Sprites/Example Character Sheet.png
  artifactKey: Guid(1b7deab5944026f48b07600ab2346c09) Importer(815301076,1909f56bfc062723c751e8b465ee728b)
Start importing Assets/Sprites/Player Sprites/Example Character Sheet.png using Guid(1b7deab5944026f48b07600ab2346c09) Importer(815301076,1909f56bfc062723c751e8b465ee728b)  -> (artifact id: 'fb2eac31af9d5d56ca9df04b92781855') in 0.010306 seconds 
  Import took 0.013198 seconds .

========================================================================
Received Import Request.
  Time since last request: 36.301881 seconds.
  path: Assets/Sprites/Player Sprites/Example Character Sheet.png
  artifactKey: Guid(1b7deab5944026f48b07600ab2346c09) Importer(815301076,1909f56bfc062723c751e8b465ee728b)
Start importing Assets/Sprites/Player Sprites/Example Character Sheet.png using Guid(1b7deab5944026f48b07600ab2346c09) Importer(815301076,1909f56bfc062723c751e8b465ee728b)  -> (artifact id: 'd26ec96d5c05e6f05443c36487521df3') in 0.052882 seconds 
  Import took 0.055568 seconds .

========================================================================
Received Import Request.
  Time since last request: 45.600607 seconds.
  path: Assets/Sprites/Player Sprites/Example Character Sheet.png
  artifactKey: Guid(1b7deab5944026f48b07600ab2346c09) Importer(815301076,1909f56bfc062723c751e8b465ee728b)
Start importing Assets/Sprites/Player Sprites/Example Character Sheet.png using Guid(1b7deab5944026f48b07600ab2346c09) Importer(815301076,1909f56bfc062723c751e8b465ee728b)  -> (artifact id: '9d6aed7805f0375b470ebd7417aa98e5') in 0.047251 seconds 
  Import took 0.050465 seconds .

========================================================================
Received Import Request.
  Time since last request: 4.297446 seconds.
  path: Assets/Sprites/Player Sprites/Example Character Sheet.png
  artifactKey: Guid(1b7deab5944026f48b07600ab2346c09) Importer(815301076,1909f56bfc062723c751e8b465ee728b)
Start importing Assets/Sprites/Player Sprites/Example Character Sheet.png using Guid(1b7deab5944026f48b07600ab2346c09) Importer(815301076,1909f56bfc062723c751e8b465ee728b)  -> (artifact id: '3886dccb09ce59d6c2d08ae49b01bdef') in 0.050277 seconds 
  Import took 0.053129 seconds .

========================================================================
Received Import Request.
  Time since last request: 3.968193 seconds.
  path: Assets/Sprites/Player Sprites/Example Character Sheet.png
  artifactKey: Guid(1b7deab5944026f48b07600ab2346c09) Importer(815301076,1909f56bfc062723c751e8b465ee728b)
Start importing Assets/Sprites/Player Sprites/Example Character Sheet.png using Guid(1b7deab5944026f48b07600ab2346c09) Importer(815301076,1909f56bfc062723c751e8b465ee728b)  -> (artifact id: 'e7b3f687eaa8a9aa221ea4c661a0c778') in 0.065000 seconds 
  Import took 0.067945 seconds .

========================================================================
Received Import Request.
  Time since last request: 7.668112 seconds.
  path: Assets/Sprites/Player Sprites/Example Character Sheet.png
  artifactKey: Guid(1b7deab5944026f48b07600ab2346c09) Importer(815301076,1909f56bfc062723c751e8b465ee728b)
Start importing Assets/Sprites/Player Sprites/Example Character Sheet.png using Guid(1b7deab5944026f48b07600ab2346c09) Importer(815301076,1909f56bfc062723c751e8b465ee728b)  -> (artifact id: 'c4ff82b298c47b1b2ebf99f47cdc3b0b') in 0.047143 seconds 
  Import took 0.050151 seconds .

========================================================================
Received Import Request.
  Time since last request: 4.559801 seconds.
  path: Assets/Sprites/Player Sprites/Example Character Sheet.png
  artifactKey: Guid(1b7deab5944026f48b07600ab2346c09) Importer(815301076,1909f56bfc062723c751e8b465ee728b)
Start importing Assets/Sprites/Player Sprites/Example Character Sheet.png using Guid(1b7deab5944026f48b07600ab2346c09) Importer(815301076,1909f56bfc062723c751e8b465ee728b)  -> (artifact id: '4119c52a737e1233ae8aecd0ccf8ed80') in 0.046633 seconds 
  Import took 0.050861 seconds .

========================================================================
Received Import Request.
  Time since last request: 4.668620 seconds.
  path: Assets/Sprites/Player Sprites/Example Character Sheet.png
  artifactKey: Guid(1b7deab5944026f48b07600ab2346c09) Importer(815301076,1909f56bfc062723c751e8b465ee728b)
Start importing Assets/Sprites/Player Sprites/Example Character Sheet.png using Guid(1b7deab5944026f48b07600ab2346c09) Importer(815301076,1909f56bfc062723c751e8b465ee728b)  -> (artifact id: '145a991f7ed811001c9a46b860010bc6') in 0.045907 seconds 
  Import took 0.048269 seconds .

========================================================================
Received Import Request.
  Time since last request: 26.147480 seconds.
  path: Assets/Sprites/Player Sprites/Example Character Sheet.png
  artifactKey: Guid(1b7deab5944026f48b07600ab2346c09) Importer(815301076,1909f56bfc062723c751e8b465ee728b)
Start importing Assets/Sprites/Player Sprites/Example Character Sheet.png using Guid(1b7deab5944026f48b07600ab2346c09) Importer(815301076,1909f56bfc062723c751e8b465ee728b)  -> (artifact id: '3526eabc06b7026a46ab7a0655378312') in 0.049527 seconds 
  Import took 0.053776 seconds .

========================================================================
Received Import Request.
  Time since last request: 4.750497 seconds.
  path: Assets/Sprites/Player Sprites/Example Character Sheet.png
  artifactKey: Guid(1b7deab5944026f48b07600ab2346c09) Importer(815301076,1909f56bfc062723c751e8b465ee728b)
Start importing Assets/Sprites/Player Sprites/Example Character Sheet.png using Guid(1b7deab5944026f48b07600ab2346c09) Importer(815301076,1909f56bfc062723c751e8b465ee728b)  -> (artifact id: '9514537f7e1db4fa97a10d82aa964afe') in 0.050713 seconds 
  Import took 0.053229 seconds .

========================================================================
Received Import Request.
  Time since last request: 4.781751 seconds.
  path: Assets/Sprites/Player Sprites/Example Character Sheet.png
  artifactKey: Guid(1b7deab5944026f48b07600ab2346c09) Importer(815301076,1909f56bfc062723c751e8b465ee728b)
Start importing Assets/Sprites/Player Sprites/Example Character Sheet.png using Guid(1b7deab5944026f48b07600ab2346c09) Importer(815301076,1909f56bfc062723c751e8b465ee728b)  -> (artifact id: '55c71e89606f9d10979c0660108d5c05') in 0.049453 seconds 
  Import took 0.053639 seconds .

========================================================================
Received Import Request.
  Time since last request: 57.730758 seconds.
  path: Packages/com.unity.textmeshpro/Scripts/Runtime/Unity.TextMeshPro.asmdef
  artifactKey: Guid(6055be8ebefd69e48b49212b09b47b2f) Importer(815301076,1909f56bfc062723c751e8b465ee728b)
Start importing Packages/com.unity.textmeshpro/Scripts/Runtime/Unity.TextMeshPro.asmdef using Guid(6055be8ebefd69e48b49212b09b47b2f) Importer(815301076,1909f56bfc062723c751e8b465ee728b)  -> (artifact id: '57da3c51c8403b1a3ee981823296e79d') in 0.008280 seconds 
  Import took 0.010811 seconds .

========================================================================
Received Import Request.
  Time since last request: 158.883766 seconds.
  path: Assets/Sprites/Player.controller
  artifactKey: Guid(bcecb0325ed179e4eb8b725dd1bc7209) Importer(815301076,1909f56bfc062723c751e8b465ee728b)
Start importing Assets/Sprites/Player.controller using Guid(bcecb0325ed179e4eb8b725dd1bc7209) Importer(815301076,1909f56bfc062723c751e8b465ee728b)  -> (artifact id: '1096182de07b5df5c8f87d1b19f416da') in 0.008570 seconds 
  Import took 0.010939 seconds .

========================================================================
Received Import Request.
  Time since last request: 13.008971 seconds.
  path: Assets/Sprites/PlayerAnimationController.controller
  artifactKey: Guid(bcecb0325ed179e4eb8b725dd1bc7209) Importer(815301076,1909f56bfc062723c751e8b465ee728b)
Start importing Assets/Sprites/PlayerAnimationController.controller using Guid(bcecb0325ed179e4eb8b725dd1bc7209) Importer(815301076,1909f56bfc062723c751e8b465ee728b)  -> (artifact id: '155a675f3b1163e0e16f9abb0e6aea7f') in 0.008008 seconds 
  Import took 0.010604 seconds .

========================================================================
Received Import Request.
  Time since last request: 58.161566 seconds.
  path: Assets/Sprites/Player Sprites/PlayerAnimation
  artifactKey: Guid(875ffd28983bbd64ebc0ee73ffca6711) Importer(815301076,1909f56bfc062723c751e8b465ee728b)
Start importing Assets/Sprites/Player Sprites/PlayerAnimation using Guid(875ffd28983bbd64ebc0ee73ffca6711) Importer(815301076,1909f56bfc062723c751e8b465ee728b)  -> (artifact id: '509e824ea49b3aca7c53c2e249e95f5c') in 0.006867 seconds 
  Import took 0.009439 seconds .

========================================================================
Received Import Request.
  Time since last request: 202.918299 seconds.
  path: Assets/Sprites/Player Sprites/PlayerIdelRight.anim
  artifactKey: Guid(3c6e1077c54f05248b84c9251f93ebdf) Importer(815301076,1909f56bfc062723c751e8b465ee728b)
Start importing Assets/Sprites/Player Sprites/PlayerIdelRight.anim using Guid(3c6e1077c54f05248b84c9251f93ebdf) Importer(815301076,1909f56bfc062723c751e8b465ee728b)  -> (artifact id: 'b253d4cd5282cb1eaa8086c88ad703fa') in 0.007392 seconds 
  Import took 0.010160 seconds .

========================================================================
Received Import Request.
  Time since last request: 0.001956 seconds.
  path: Assets/Sprites/Player Sprites/PlayerIdelRight.anim
  artifactKey: Guid(3c6e1077c54f05248b84c9251f93ebdf) Importer(815301076,1909f56bfc062723c751e8b465ee728b)
Start importing Assets/Sprites/Player Sprites/PlayerIdelRight.anim using Guid(3c6e1077c54f05248b84c9251f93ebdf) Importer(815301076,1909f56bfc062723c751e8b465ee728b)  -> (artifact id: 'b253d4cd5282cb1eaa8086c88ad703fa') in 0.002477 seconds 
  Import took 0.005173 seconds .

========================================================================
Received Import Request.
  Time since last request: 89.259684 seconds.
  path: Assets/Sprites/Player Sprites/PlayerAnimation/PlayerAnimationController.controller
  artifactKey: Guid(bcecb0325ed179e4eb8b725dd1bc7209) Importer(815301076,1909f56bfc062723c751e8b465ee728b)
Start importing Assets/Sprites/Player Sprites/PlayerAnimation/PlayerAnimationController.controller using Guid(bcecb0325ed179e4eb8b725dd1bc7209) Importer(815301076,1909f56bfc062723c751e8b465ee728b)  -> (artifact id: '35e4589655f7ed6c9309fe0f0073b6f9') in 0.008683 seconds 
  Import took 0.013013 seconds .

========================================================================
Received Prepare
Registering precompiled user dll's ...
Registered in 0.003909 seconds.
Begin MonoManager ReloadAssembly
Native extension for WindowsStandalone target not found
Refreshing native plugins compatible for Editor in 0.34 ms, found 2 plugins.
Preloading 0 native plugins for Editor in 0.00 ms.
Mono: successfully reloaded assembly
- Completed reload, in  0.958 seconds
Domain Reload Profiling:
	ReloadAssembly (959ms)
		BeginReloadAssembly (119ms)
			ExecutionOrderSort (0ms)
			DisableScriptedObjects (6ms)
			BackupInstance (0ms)
			ReleaseScriptingObjects (0ms)
			CreateAndSetChildDomain (43ms)
		EndReloadAssembly (779ms)
			LoadAssemblies (86ms)
			RebuildTransferFunctionScriptingTraits (0ms)
			SetupTypeCache (277ms)
			ReleaseScriptCaches (1ms)
			RebuildScriptCaches (39ms)
			SetupLoadedEditorAssemblies (261ms)
				LogAssemblyErrors (0ms)
				InitializePlatformSupportModulesInManaged (5ms)
				SetLoadedEditorAssemblies (0ms)
				RefreshPlugins (0ms)
				BeforeProcessingInitializeOnLoad (74ms)
				ProcessInitializeOnLoadAttributes (168ms)
				ProcessInitializeOnLoadMethodAttributes (6ms)
				AfterProcessingInitializeOnLoad (7ms)
				EditorAssembliesLoaded (0ms)
			ExecutionOrderSort2 (0ms)
			AwakeInstancesAfterBackupRestoration (7ms)
Platform modules already initialized, skipping
Refreshing native plugins compatible for Editor in 0.31 ms, found 2 plugins.
Preloading 0 native plugins for Editor in 0.00 ms.
Unloading 1462 Unused Serialized files (Serialized files now loaded: 0)
System memory in use before: 70.2 MB.
System memory in use after: 70.3 MB.

Unloading 14 unused Assets to reduce memory usage. Loaded Objects now: 1914.
Total: 1.931700 ms (FindLiveObjects: 0.137200 ms CreateObjectMapping: 0.043800 ms MarkObjects: 1.734300 ms  DeleteObjects: 0.015500 ms)

AssetImportParameters requested are different than current active one (requested -> active):
  custom:framework-win-MediaFoundation: 216162199b28c13a410421893ffa2e32 -> 
  custom:video-decoder-ogg-theora: a1e56fd34408186e4bbccfd4996cb3dc -> 
  custom:container-muxer-webm: aa71ff27fc2769a1b78a27578f13a17b -> 
  custom:container-demuxer-webm: 4f35f7cbe854078d1ac9338744f61a02 -> 
  custom:container-demuxer-ogg: 62fdf1f143b41e24485cea50d1cbac27 -> 
  custom:video-encoder-webm-vp8: eb34c28f22e8b96e1ab97ce403110664 -> 
  custom:video-decoder-webm-vp8: 9c59270c3fd7afecdb556c50c9e8de78 -> 
  custom:audio-decoder-ogg-vorbis: bf7c407c2cedff20999df2af8eb42d56 -> 
  custom:audio-encoder-webm-vorbis: bf7c407c2cedff20999df2af8eb42d56 -> 
========================================================================
Received Prepare
Registering precompiled user dll's ...
Registered in 0.004552 seconds.
Begin MonoManager ReloadAssembly
Native extension for WindowsStandalone target not found
Refreshing native plugins compatible for Editor in 0.31 ms, found 2 plugins.
Preloading 0 native plugins for Editor in 0.00 ms.
Mono: successfully reloaded assembly
- Completed reload, in  1.102 seconds
Domain Reload Profiling:
	ReloadAssembly (1102ms)
		BeginReloadAssembly (256ms)
			ExecutionOrderSort (0ms)
			DisableScriptedObjects (6ms)
			BackupInstance (0ms)
			ReleaseScriptingObjects (0ms)
			CreateAndSetChildDomain (103ms)
		EndReloadAssembly (778ms)
			LoadAssemblies (160ms)
			RebuildTransferFunctionScriptingTraits (0ms)
			SetupTypeCache (273ms)
			ReleaseScriptCaches (1ms)
			RebuildScriptCaches (43ms)
			SetupLoadedEditorAssemblies (281ms)
				LogAssemblyErrors (0ms)
				InitializePlatformSupportModulesInManaged (5ms)
				SetLoadedEditorAssemblies (0ms)
				RefreshPlugins (0ms)
				BeforeProcessingInitializeOnLoad (81ms)
				ProcessInitializeOnLoadAttributes (182ms)
				ProcessInitializeOnLoadMethodAttributes (7ms)
				AfterProcessingInitializeOnLoad (7ms)
				EditorAssembliesLoaded (0ms)
			ExecutionOrderSort2 (0ms)
			AwakeInstancesAfterBackupRestoration (6ms)
Platform modules already initialized, skipping
Refreshing native plugins compatible for Editor in 0.28 ms, found 2 plugins.
Preloading 0 native plugins for Editor in 0.00 ms.
Unloading 1462 Unused Serialized files (Serialized files now loaded: 0)
System memory in use before: 70.2 MB.
System memory in use after: 70.3 MB.

Unloading 13 unused Assets to reduce memory usage. Loaded Objects now: 1916.
Total: 1.726200 ms (FindLiveObjects: 0.128200 ms CreateObjectMapping: 0.040500 ms MarkObjects: 1.524200 ms  DeleteObjects: 0.032200 ms)

AssetImportParameters requested are different than current active one (requested -> active):
  custom:framework-win-MediaFoundation: 216162199b28c13a410421893ffa2e32 -> 
  custom:video-decoder-ogg-theora: a1e56fd34408186e4bbccfd4996cb3dc -> 
  custom:container-muxer-webm: aa71ff27fc2769a1b78a27578f13a17b -> 
  custom:container-demuxer-webm: 4f35f7cbe854078d1ac9338744f61a02 -> 
  custom:container-demuxer-ogg: 62fdf1f143b41e24485cea50d1cbac27 -> 
  custom:video-encoder-webm-vp8: eb34c28f22e8b96e1ab97ce403110664 -> 
  custom:video-decoder-webm-vp8: 9c59270c3fd7afecdb556c50c9e8de78 -> 
  custom:audio-decoder-ogg-vorbis: bf7c407c2cedff20999df2af8eb42d56 -> 
  custom:audio-encoder-webm-vorbis: bf7c407c2cedff20999df2af8eb42d56 -> 
========================================================================
Received Prepare
Registering precompiled user dll's ...
Registered in 0.004223 seconds.
Begin MonoManager ReloadAssembly
Native extension for WindowsStandalone target not found
Refreshing native plugins compatible for Editor in 0.29 ms, found 2 plugins.
Preloading 0 native plugins for Editor in 0.00 ms.
Mono: successfully reloaded assembly
- Completed reload, in  0.992 seconds
Domain Reload Profiling:
	ReloadAssembly (992ms)
		BeginReloadAssembly (96ms)
			ExecutionOrderSort (0ms)
			DisableScriptedObjects (5ms)
			BackupInstance (0ms)
			ReleaseScriptingObjects (0ms)
			CreateAndSetChildDomain (27ms)
		EndReloadAssembly (836ms)
			LoadAssemblies (79ms)
			RebuildTransferFunctionScriptingTraits (0ms)
			SetupTypeCache (252ms)
			ReleaseScriptCaches (1ms)
			RebuildScriptCaches (38ms)
			SetupLoadedEditorAssemblies (362ms)
				LogAssemblyErrors (0ms)
				InitializePlatformSupportModulesInManaged (5ms)
				SetLoadedEditorAssemblies (0ms)
				RefreshPlugins (0ms)
				BeforeProcessingInitializeOnLoad (171ms)
				ProcessInitializeOnLoadAttributes (172ms)
				ProcessInitializeOnLoadMethodAttributes (6ms)
				AfterProcessingInitializeOnLoad (7ms)
				EditorAssembliesLoaded (0ms)
			ExecutionOrderSort2 (0ms)
			AwakeInstancesAfterBackupRestoration (6ms)
Platform modules already initialized, skipping
Refreshing native plugins compatible for Editor in 0.31 ms, found 2 plugins.
Preloading 0 native plugins for Editor in 0.00 ms.
Unloading 1462 Unused Serialized files (Serialized files now loaded: 0)
System memory in use before: 70.2 MB.
System memory in use after: 70.3 MB.

Unloading 13 unused Assets to reduce memory usage. Loaded Objects now: 1918.
Total: 1.676500 ms (FindLiveObjects: 0.127600 ms CreateObjectMapping: 0.041300 ms MarkObjects: 1.493100 ms  DeleteObjects: 0.013700 ms)

AssetImportParameters requested are different than current active one (requested -> active):
  custom:framework-win-MediaFoundation: 216162199b28c13a410421893ffa2e32 -> 
  custom:video-decoder-ogg-theora: a1e56fd34408186e4bbccfd4996cb3dc -> 
  custom:container-muxer-webm: aa71ff27fc2769a1b78a27578f13a17b -> 
  custom:container-demuxer-webm: 4f35f7cbe854078d1ac9338744f61a02 -> 
  custom:container-demuxer-ogg: 62fdf1f143b41e24485cea50d1cbac27 -> 
  custom:video-encoder-webm-vp8: eb34c28f22e8b96e1ab97ce403110664 -> 
  custom:video-decoder-webm-vp8: 9c59270c3fd7afecdb556c50c9e8de78 -> 
  custom:audio-decoder-ogg-vorbis: bf7c407c2cedff20999df2af8eb42d56 -> 
  custom:audio-encoder-webm-vorbis: bf7c407c2cedff20999df2af8eb42d56 -> 
========================================================================
Received Prepare
Registering precompiled user dll's ...
Registered in 0.003943 seconds.
Begin MonoManager ReloadAssembly
Native extension for WindowsStandalone target not found
Refreshing native plugins compatible for Editor in 0.32 ms, found 2 plugins.
Preloading 0 native plugins for Editor in 0.00 ms.
Mono: successfully reloaded assembly
- Completed reload, in  1.024 seconds
Domain Reload Profiling:
	ReloadAssembly (1025ms)
		BeginReloadAssembly (108ms)
			ExecutionOrderSort (0ms)
			DisableScriptedObjects (5ms)
			BackupInstance (0ms)
			ReleaseScriptingObjects (0ms)
			CreateAndSetChildDomain (26ms)
		EndReloadAssembly (854ms)
			LoadAssemblies (79ms)
			RebuildTransferFunctionScriptingTraits (0ms)
			SetupTypeCache (255ms)
			ReleaseScriptCaches (1ms)
			RebuildScriptCaches (38ms)
			SetupLoadedEditorAssemblies (369ms)
				LogAssemblyErrors (0ms)
				InitializePlatformSupportModulesInManaged (7ms)
				SetLoadedEditorAssemblies (0ms)
				RefreshPlugins (0ms)
				BeforeProcessingInitializeOnLoad (180ms)
				ProcessInitializeOnLoadAttributes (168ms)
				ProcessInitializeOnLoadMethodAttributes (7ms)
				AfterProcessingInitializeOnLoad (6ms)
				EditorAssembliesLoaded (0ms)
			ExecutionOrderSort2 (0ms)
			AwakeInstancesAfterBackupRestoration (7ms)
Platform modules already initialized, skipping
Refreshing native plugins compatible for Editor in 0.32 ms, found 2 plugins.
Preloading 0 native plugins for Editor in 0.00 ms.
Unloading 1462 Unused Serialized files (Serialized files now loaded: 0)
System memory in use before: 70.2 MB.
System memory in use after: 70.3 MB.

Unloading 13 unused Assets to reduce memory usage. Loaded Objects now: 1920.
Total: 1.898900 ms (FindLiveObjects: 0.163000 ms CreateObjectMapping: 0.056000 ms MarkObjects: 1.661900 ms  DeleteObjects: 0.017200 ms)

AssetImportParameters requested are different than current active one (requested -> active):
  custom:framework-win-MediaFoundation: 216162199b28c13a410421893ffa2e32 -> 
  custom:video-decoder-ogg-theora: a1e56fd34408186e4bbccfd4996cb3dc -> 
  custom:container-muxer-webm: aa71ff27fc2769a1b78a27578f13a17b -> 
  custom:container-demuxer-webm: 4f35f7cbe854078d1ac9338744f61a02 -> 
  custom:container-demuxer-ogg: 62fdf1f143b41e24485cea50d1cbac27 -> 
  custom:video-encoder-webm-vp8: eb34c28f22e8b96e1ab97ce403110664 -> 
  custom:video-decoder-webm-vp8: 9c59270c3fd7afecdb556c50c9e8de78 -> 
  custom:audio-decoder-ogg-vorbis: bf7c407c2cedff20999df2af8eb42d56 -> 
  custom:audio-encoder-webm-vorbis: bf7c407c2cedff20999df2af8eb42d56 -> 
========================================================================
Received Prepare
Registering precompiled user dll's ...
Registered in 0.005741 seconds.
Begin MonoManager ReloadAssembly
Native extension for WindowsStandalone target not found
Refreshing native plugins compatible for Editor in 0.36 ms, found 2 plugins.
Preloading 0 native plugins for Editor in 0.00 ms.
Mono: successfully reloaded assembly
- Completed reload, in  1.155 seconds
Domain Reload Profiling:
	ReloadAssembly (1155ms)
		BeginReloadAssembly (287ms)
			ExecutionOrderSort (0ms)
			DisableScriptedObjects (6ms)
			BackupInstance (0ms)
			ReleaseScriptingObjects (0ms)
			CreateAndSetChildDomain (121ms)
		EndReloadAssembly (805ms)
			LoadAssemblies (100ms)
			RebuildTransferFunctionScriptingTraits (0ms)
			SetupTypeCache (276ms)
			ReleaseScriptCaches (1ms)
			RebuildScriptCaches (46ms)
			SetupLoadedEditorAssemblies (288ms)
				LogAssemblyErrors (0ms)
				InitializePlatformSupportModulesInManaged (5ms)
				SetLoadedEditorAssemblies (0ms)
				RefreshPlugins (0ms)
				BeforeProcessingInitializeOnLoad (77ms)
				ProcessInitializeOnLoadAttributes (188ms)
				ProcessInitializeOnLoadMethodAttributes (9ms)
				AfterProcessingInitializeOnLoad (8ms)
				EditorAssembliesLoaded (0ms)
			ExecutionOrderSort2 (0ms)
			AwakeInstancesAfterBackupRestoration (8ms)
Platform modules already initialized, skipping
Refreshing native plugins compatible for Editor in 0.31 ms, found 2 plugins.
Preloading 0 native plugins for Editor in 0.00 ms.
Unloading 1462 Unused Serialized files (Serialized files now loaded: 0)
System memory in use before: 70.3 MB.
System memory in use after: 70.4 MB.

Unloading 13 unused Assets to reduce memory usage. Loaded Objects now: 1922.
Total: 1.794800 ms (FindLiveObjects: 0.196700 ms CreateObjectMapping: 0.051200 ms MarkObjects: 1.530200 ms  DeleteObjects: 0.015500 ms)

AssetImportParameters requested are different than current active one (requested -> active):
  custom:framework-win-MediaFoundation: 216162199b28c13a410421893ffa2e32 -> 
  custom:video-decoder-ogg-theora: a1e56fd34408186e4bbccfd4996cb3dc -> 
  custom:container-muxer-webm: aa71ff27fc2769a1b78a27578f13a17b -> 
  custom:container-demuxer-webm: 4f35f7cbe854078d1ac9338744f61a02 -> 
  custom:container-demuxer-ogg: 62fdf1f143b41e24485cea50d1cbac27 -> 
  custom:video-encoder-webm-vp8: eb34c28f22e8b96e1ab97ce403110664 -> 
  custom:video-decoder-webm-vp8: 9c59270c3fd7afecdb556c50c9e8de78 -> 
  custom:audio-decoder-ogg-vorbis: bf7c407c2cedff20999df2af8eb42d56 -> 
  custom:audio-encoder-webm-vorbis: bf7c407c2cedff20999df2af8eb42d56 -> 
========================================================================
Received Prepare
Registering precompiled user dll's ...
Registered in 0.024437 seconds.
Begin MonoManager ReloadAssembly
Native extension for WindowsStandalone target not found
Refreshing native plugins compatible for Editor in 0.32 ms, found 2 plugins.
Preloading 0 native plugins for Editor in 0.00 ms.
Mono: successfully reloaded assembly
- Completed reload, in  0.941 seconds
Domain Reload Profiling:
	ReloadAssembly (941ms)
		BeginReloadAssembly (99ms)
			ExecutionOrderSort (0ms)
			DisableScriptedObjects (6ms)
			BackupInstance (0ms)
			ReleaseScriptingObjects (0ms)
			CreateAndSetChildDomain (27ms)
		EndReloadAssembly (781ms)
			LoadAssemblies (84ms)
			RebuildTransferFunctionScriptingTraits (0ms)
			SetupTypeCache (271ms)
			ReleaseScriptCaches (1ms)
			RebuildScriptCaches (43ms)
			SetupLoadedEditorAssemblies (281ms)
				LogAssemblyErrors (0ms)
				InitializePlatformSupportModulesInManaged (5ms)
				SetLoadedEditorAssemblies (0ms)
				RefreshPlugins (0ms)
				BeforeProcessingInitializeOnLoad (76ms)
				ProcessInitializeOnLoadAttributes (185ms)
				ProcessInitializeOnLoadMethodAttributes (7ms)
				AfterProcessingInitializeOnLoad (7ms)
				EditorAssembliesLoaded (0ms)
			ExecutionOrderSort2 (0ms)
			AwakeInstancesAfterBackupRestoration (7ms)
Platform modules already initialized, skipping
Refreshing native plugins compatible for Editor in 0.31 ms, found 2 plugins.
Preloading 0 native plugins for Editor in 0.00 ms.
Unloading 1462 Unused Serialized files (Serialized files now loaded: 0)
System memory in use before: 70.3 MB.
System memory in use after: 70.4 MB.

Unloading 13 unused Assets to reduce memory usage. Loaded Objects now: 1924.
Total: 1.974700 ms (FindLiveObjects: 0.217200 ms CreateObjectMapping: 0.068300 ms MarkObjects: 1.671400 ms  DeleteObjects: 0.016600 ms)

AssetImportParameters requested are different than current active one (requested -> active):
  custom:framework-win-MediaFoundation: 216162199b28c13a410421893ffa2e32 -> 
  custom:video-decoder-ogg-theora: a1e56fd34408186e4bbccfd4996cb3dc -> 
  custom:container-muxer-webm: aa71ff27fc2769a1b78a27578f13a17b -> 
  custom:container-demuxer-webm: 4f35f7cbe854078d1ac9338744f61a02 -> 
  custom:container-demuxer-ogg: 62fdf1f143b41e24485cea50d1cbac27 -> 
  custom:video-encoder-webm-vp8: eb34c28f22e8b96e1ab97ce403110664 -> 
  custom:video-decoder-webm-vp8: 9c59270c3fd7afecdb556c50c9e8de78 -> 
  custom:audio-decoder-ogg-vorbis: bf7c407c2cedff20999df2af8eb42d56 -> 
  custom:audio-encoder-webm-vorbis: bf7c407c2cedff20999df2af8eb42d56 -> 
AssetImportWorkerClient::OnTransportError - code=2 error=End of file
